15021278609987233951
5881210131331364753
18149643915985481100
12933668939759105464
14637574242682825331
10848501901068131965
2312344417745909078
11162538943635311430
3831705504650218695
17217215411128672468
10321681451779520834
15680282660304795149
12543905331768826776
1282610804685344189
7435390023275438269
10071993084810367336
3925656069808229166
928397841245673342
10637074315653535228
8612232180506566011
2982902689111255716
15914132926671316451
12037529929179472949
9693691992080689692
15049620252834538899
2632753594928126012
7860803162265517708
17504828470648458427
9655509547605835575
16082950443159596267
1558439523467806751
11752218394177209120
13270194101805742648
5149298266374294020
18155818430975299096
13197274534173165071
14549688392908290518
7494982184730312787
9938095894668909206
14747009847883520061
15740397740720822077
3124822615668860702
8620501356544741343
10915052593835366512
879987454908009879
7647894087034917794
11880187017084977320
10674110879303664473
13955903524794606584
4466588716908858723
13721728628974436119
9035636477185272434
8360343936123383675
14935041827012006835
11556842671164673377
3244153277377354374
13605129231778931629
3384379379345988038
12022625880481119140
1114590012034452875
12074041036785524650
17831081680078689611
15560693765003071826
17746599310939556573
17771430956897354111
11716076361695404703
10989734890083044234
14910024738430942337
4782554165154246669
343809757302082577
1285408594027663245
17848784121149816879
15904479769003846634
2414809834010262228
3147692337647000727
8235676999310318070
608196513219568798
5412748517710838170
18228755284713029100
5881075881222302412
12231130228408917869
7197030673223459168
3016134957588172860
5020492609352454581
502246344350370843
7078619098779856993
5378772914823405546
6445056489526351351
11349155939865574002
11961593756686854649
16614386823638528991
2224787404699460414
13800829335493134691
11088692862872141466
15302276699435844449
9716728616440826731
2123801776687569951
13141247820763657466
4594231116901011764
3425310178443739184


============================================================

((error 1) (uart ((write_data 0) (write_ready 0) (read_ready 0)))
 (counters
  ((cycles_since_boot 160390) (instructions_retired 114372)
   (empty_alu_cycles 3631) (instruction_load_stalls 2514)
   (data_load_stalls 0) (data_store_stalls 2397)
   (fetch_branch_target_buffer_hits 17344) (decode_branch_mispredictions 111)
   (decode_jump_mispredictions 242) (execute_branch_mispredictions 1691)
   (execute_jump_mispredictions 3))))